[2024-10-31T18:01:05.741341+00:00] loggerJuego.INFO: Inicializando GameController. [] []
[2024-10-31T18:01:05.779444+00:00] loggerJuego.INFO: Iniciando el juego... [] []
[2024-10-31T18:01:07.545853+00:00] loggerJuego.INFO: Inicializando GameController. [] []
[2024-10-31T18:01:07.592751+00:00] loggerJuego.INFO: Iniciando el juego... [] []
[2024-10-31T18:01:07.613906+00:00] loggerJuego.INFO: Jugador rere ha jugado en la columna 0 [] []
[2024-10-31T18:01:08.369224+00:00] loggerJuego.INFO: Inicializando GameController. [] []
[2024-10-31T18:01:08.395012+00:00] loggerJuego.INFO: Iniciando el juego... [] []
[2024-10-31T18:01:08.412492+00:00] loggerJuego.INFO: Jugador Jose ha jugado en la columna 2 [] []
[2024-10-31T18:01:09.033555+00:00] loggerJuego.INFO: Inicializando GameController. [] []
[2024-10-31T18:01:09.053690+00:00] loggerJuego.INFO: Iniciando el juego... [] []
[2024-10-31T18:01:09.068205+00:00] loggerJuego.INFO: Jugador rere ha jugado en la columna 0 [] []
[2024-10-31T18:01:09.706962+00:00] loggerJuego.INFO: Inicializando GameController. [] []
[2024-10-31T18:01:09.729982+00:00] loggerJuego.INFO: Iniciando el juego... [] []
[2024-10-31T18:01:09.746584+00:00] loggerJuego.INFO: Jugador Jose ha jugado en la columna 2 [] []
[2024-10-31T18:01:10.502245+00:00] loggerJuego.INFO: Inicializando GameController. [] []
[2024-10-31T18:01:10.527575+00:00] loggerJuego.INFO: Iniciando el juego... [] []
[2024-10-31T18:01:10.544933+00:00] loggerJuego.INFO: Jugador rere ha jugado en la columna 0 [] []
[2024-10-31T18:01:11.135799+00:00] loggerJuego.INFO: Inicializando GameController. [] []
[2024-10-31T18:01:11.160734+00:00] loggerJuego.INFO: Iniciando el juego... [] []
[2024-10-31T18:01:11.177598+00:00] loggerJuego.INFO: Jugador Jose ha jugado en la columna 3 [] []
[2024-10-31T18:01:12.414906+00:00] loggerJuego.INFO: Inicializando GameController. [] []
[2024-10-31T18:01:12.437756+00:00] loggerJuego.INFO: Iniciando el juego... [] []
[2024-10-31T18:01:12.455505+00:00] loggerJuego.INFO: Jugador rere ha jugado en la columna 0 [] []
[2024-10-31T18:01:12.455778+00:00] loggerJuego.INFO: Jugador Jose ha ganado [] []
[2024-10-31T18:05:38.606821+00:00] loggerJuego.INFO: Inicializando GameController. [] []
[2024-10-31T18:05:38.645268+00:00] loggerJuego.INFO: Iniciando el juego... [] []
[2024-10-31T18:05:40.189373+00:00] loggerJuego.INFO: Inicializando GameController. [] []
[2024-10-31T18:05:40.226579+00:00] loggerJuego.INFO: Iniciando el juego... [] []
[2024-10-31T18:05:40.252625+00:00] loggerJuego.INFO: Jugador rere ha jugado en la columna 0 [] []
[2024-10-31T18:05:41.022097+00:00] loggerJuego.INFO: Inicializando GameController. [] []
[2024-10-31T18:05:41.042278+00:00] loggerJuego.INFO: Iniciando el juego... [] []
[2024-10-31T18:05:41.057114+00:00] loggerJuego.INFO: Jugador Jose ha jugado en la columna 2 [] []
[2024-10-31T18:05:41.623165+00:00] loggerJuego.INFO: Inicializando GameController. [] []
[2024-10-31T18:05:41.642538+00:00] loggerJuego.INFO: Iniciando el juego... [] []
[2024-10-31T18:05:41.656517+00:00] loggerJuego.INFO: Jugador rere ha jugado en la columna 0 [] []
[2024-10-31T18:05:42.151868+00:00] loggerJuego.INFO: Inicializando GameController. [] []
[2024-10-31T18:05:42.181868+00:00] loggerJuego.INFO: Iniciando el juego... [] []
[2024-10-31T18:05:42.196040+00:00] loggerJuego.INFO: Jugador Jose ha jugado en la columna 2 [] []
[2024-10-31T18:05:42.748892+00:00] loggerJuego.INFO: Inicializando GameController. [] []
[2024-10-31T18:05:42.771820+00:00] loggerJuego.INFO: Iniciando el juego... [] []
[2024-10-31T18:05:42.789013+00:00] loggerJuego.INFO: Jugador rere ha jugado en la columna 0 [] []
[2024-10-31T18:05:43.418860+00:00] loggerJuego.INFO: Inicializando GameController. [] []
[2024-10-31T18:05:43.443373+00:00] loggerJuego.INFO: Iniciando el juego... [] []
[2024-10-31T18:05:43.460573+00:00] loggerJuego.INFO: Jugador Jose ha jugado en la columna 2 [] []
[2024-10-31T18:05:44.087744+00:00] loggerJuego.INFO: Inicializando GameController. [] []
[2024-10-31T18:05:44.126467+00:00] loggerJuego.INFO: Iniciando el juego... [] []
[2024-10-31T18:05:44.144850+00:00] loggerJuego.INFO: Jugador rere ha jugado en la columna 0 [] []
[2024-10-31T18:05:44.145126+00:00] loggerJuego.INFO: Jugador Jose ha ganado [] []
[2024-10-31T18:07:23.058809+00:00] loggerJuego.INFO: Inicializando GameController. [] []
[2024-10-31T18:07:23.082994+00:00] loggerJuego.INFO: Iniciando el juego... [] []
[2024-10-31T18:07:24.330679+00:00] loggerJuego.INFO: Inicializando GameController. [] []
[2024-10-31T18:07:24.350083+00:00] loggerJuego.INFO: Iniciando el juego... [] []
[2024-10-31T18:07:24.364072+00:00] loggerJuego.INFO: Jugador rere ha jugado en la columna 0 [] []
[2024-10-31T18:07:24.974987+00:00] loggerJuego.INFO: Inicializando GameController. [] []
[2024-10-31T18:07:24.998800+00:00] loggerJuego.INFO: Iniciando el juego... [] []
[2024-10-31T18:07:25.017591+00:00] loggerJuego.INFO: Jugador Jose ha jugado en la columna 2 [] []
[2024-10-31T18:07:25.641576+00:00] loggerJuego.INFO: Inicializando GameController. [] []
[2024-10-31T18:07:25.663629+00:00] loggerJuego.INFO: Iniciando el juego... [] []
[2024-10-31T18:07:25.680292+00:00] loggerJuego.INFO: Jugador rere ha jugado en la columna 0 [] []
[2024-10-31T18:07:26.259984+00:00] loggerJuego.INFO: Inicializando GameController. [] []
[2024-10-31T18:07:26.283261+00:00] loggerJuego.INFO: Iniciando el juego... [] []
[2024-10-31T18:07:26.300969+00:00] loggerJuego.INFO: Jugador Jose ha jugado en la columna 2 [] []
[2024-10-31T18:07:26.838233+00:00] loggerJuego.INFO: Inicializando GameController. [] []
[2024-10-31T18:07:26.863780+00:00] loggerJuego.INFO: Iniciando el juego... [] []
[2024-10-31T18:07:26.880787+00:00] loggerJuego.INFO: Jugador rere ha jugado en la columna 0 [] []
[2024-10-31T18:07:27.383759+00:00] loggerJuego.INFO: Inicializando GameController. [] []
[2024-10-31T18:07:27.406352+00:00] loggerJuego.INFO: Iniciando el juego... [] []
[2024-10-31T18:07:27.422976+00:00] loggerJuego.INFO: Jugador Jose ha jugado en la columna 2 [] []
[2024-10-31T18:07:28.009158+00:00] loggerJuego.INFO: Inicializando GameController. [] []
[2024-10-31T18:07:28.031700+00:00] loggerJuego.INFO: Iniciando el juego... [] []
[2024-10-31T18:07:28.048432+00:00] loggerJuego.INFO: Jugador rere ha jugado en la columna 0 [] []
[2024-10-31T18:07:28.048676+00:00] loggerJuego.INFO: Jugador Jose ha ganado [] []
[2024-10-31T18:08:46.479192+00:00] loggerJuego.INFO: Inicializando GameController. [] []
[2024-10-31T18:08:46.512243+00:00] loggerJuego.INFO: Iniciando el juego... [] []
[2024-10-31T18:08:47.548449+00:00] loggerJuego.INFO: Inicializando GameController. [] []
[2024-10-31T18:08:47.585826+00:00] loggerJuego.INFO: Iniciando el juego... [] []
[2024-10-31T18:08:47.611902+00:00] loggerJuego.INFO: Jugador rere ha jugado en la columna 1 [] []
[2024-10-31T18:08:47.987569+00:00] loggerJuego.INFO: Inicializando GameController. [] []
[2024-10-31T18:08:48.011532+00:00] loggerJuego.INFO: Iniciando el juego... [] []
[2024-10-31T18:08:48.028442+00:00] loggerJuego.INFO: Jugador Jose ha jugado en la columna 2 [] []
[2024-10-31T18:08:48.721099+00:00] loggerJuego.INFO: Inicializando GameController. [] []
[2024-10-31T18:08:48.744841+00:00] loggerJuego.INFO: Iniciando el juego... [] []
[2024-10-31T18:08:48.761377+00:00] loggerJuego.INFO: Jugador rere ha jugado en la columna 1 [] []
[2024-10-31T18:08:49.280451+00:00] loggerJuego.INFO: Inicializando GameController. [] []
[2024-10-31T18:08:49.300051+00:00] loggerJuego.INFO: Iniciando el juego... [] []
[2024-10-31T18:08:49.314203+00:00] loggerJuego.INFO: Jugador Jose ha jugado en la columna 2 [] []
[2024-10-31T18:08:49.887192+00:00] loggerJuego.INFO: Inicializando GameController. [] []
[2024-10-31T18:08:49.911141+00:00] loggerJuego.INFO: Iniciando el juego... [] []
[2024-10-31T18:08:49.928133+00:00] loggerJuego.INFO: Jugador rere ha jugado en la columna 1 [] []
[2024-10-31T18:08:50.464483+00:00] loggerJuego.INFO: Inicializando GameController. [] []
[2024-10-31T18:08:50.487498+00:00] loggerJuego.INFO: Iniciando el juego... [] []
[2024-10-31T18:08:50.504947+00:00] loggerJuego.INFO: Jugador Jose ha jugado en la columna 2 [] []
[2024-10-31T18:08:51.085349+00:00] loggerJuego.INFO: Inicializando GameController. [] []
[2024-10-31T18:08:51.109517+00:00] loggerJuego.INFO: Iniciando el juego... [] []
[2024-10-31T18:08:51.126405+00:00] loggerJuego.INFO: Jugador rere ha jugado en la columna 1 [] []
[2024-10-31T18:08:51.126651+00:00] loggerJuego.INFO: Jugador Jose ha ganado [] []
