[2024-10-31T18:09:08.924558+00:00] loggerJuego.INFO: Inicializando GameController. [] []
[2024-10-31T18:09:08.970698+00:00] loggerJuego.INFO: Iniciando el juego... [] []
[2024-10-31T18:09:10.319819+00:00] loggerJuego.INFO: Inicializando GameController. [] []
[2024-10-31T18:09:10.358272+00:00] loggerJuego.INFO: Iniciando el juego... [] []
[2024-10-31T18:09:10.389039+00:00] loggerJuego.INFO: Jugador rere ha jugado en la columna 2 [] []
[2024-10-31T18:09:10.954571+00:00] loggerJuego.INFO: Inicializando GameController. [] []
[2024-10-31T18:09:10.977551+00:00] loggerJuego.INFO: Iniciando el juego... [] []
[2024-10-31T18:09:10.990538+00:00] loggerJuego.INFO: Jugador Jose ha jugado en la columna 4 [] []
[2024-10-31T18:09:11.534950+00:00] loggerJuego.INFO: Inicializando GameController. [] []
[2024-10-31T18:09:11.564675+00:00] loggerJuego.INFO: Iniciando el juego... [] []
[2024-10-31T18:09:11.583393+00:00] loggerJuego.INFO: Jugador rere ha jugado en la columna 2 [] []
[2024-10-31T18:09:12.091034+00:00] loggerJuego.INFO: Inicializando GameController. [] []
[2024-10-31T18:09:12.116891+00:00] loggerJuego.INFO: Iniciando el juego... [] []
[2024-10-31T18:09:12.135429+00:00] loggerJuego.INFO: Jugador Jose ha jugado en la columna 4 [] []
[2024-10-31T18:09:12.664508+00:00] loggerJuego.INFO: Inicializando GameController. [] []
[2024-10-31T18:09:12.688672+00:00] loggerJuego.INFO: Iniciando el juego... [] []
[2024-10-31T18:09:12.707021+00:00] loggerJuego.INFO: Jugador rere ha jugado en la columna 2 [] []
[2024-10-31T18:09:13.126930+00:00] loggerJuego.INFO: Inicializando GameController. [] []
[2024-10-31T18:09:13.156311+00:00] loggerJuego.INFO: Iniciando el juego... [] []
[2024-10-31T18:09:13.195823+00:00] loggerJuego.INFO: Jugador Jose ha jugado en la columna 4 [] []
[2024-10-31T18:09:13.769903+00:00] loggerJuego.INFO: Inicializando GameController. [] []
[2024-10-31T18:09:13.799169+00:00] loggerJuego.INFO: Iniciando el juego... [] []
[2024-10-31T18:09:13.817838+00:00] loggerJuego.INFO: Jugador rere ha jugado en la columna 2 [] []
[2024-10-31T18:09:13.818080+00:00] loggerJuego.INFO: Jugador Jose ha ganado [] []
[2024-10-31T18:09:14.870668+00:00] loggerJuego.INFO: Inicializando GameController. [] []
[2024-10-31T18:09:14.893514+00:00] loggerJuego.INFO: Iniciando el juego... [] []
[2024-10-31T18:09:48.432686+00:00] loggerJuego.INFO: Inicializando GameController. [] []
[2024-10-31T18:09:48.474329+00:00] loggerJuego.INFO: Iniciando el juego... [] []
[2024-10-31T18:09:50.378909+00:00] loggerJuego.INFO: Inicializando GameController. [] []
[2024-10-31T18:09:50.420241+00:00] loggerJuego.INFO: Iniciando el juego... [] []
[2024-10-31T18:09:50.444513+00:00] loggerJuego.INFO: Jugador sad ha jugado en la columna 0 [] []
[2024-10-31T18:09:51.832969+00:00] loggerJuego.INFO: Inicializando GameController. [] []
[2024-10-31T18:09:51.862103+00:00] loggerJuego.INFO: Iniciando el juego... [] []
[2024-10-31T18:09:51.879289+00:00] loggerJuego.INFO: Jugador Jose ha jugado en la columna 2 [] []
[2024-10-31T18:09:52.446472+00:00] loggerJuego.INFO: Inicializando GameController. [] []
[2024-10-31T18:09:52.473039+00:00] loggerJuego.INFO: Iniciando el juego... [] []
[2024-10-31T18:09:52.491854+00:00] loggerJuego.INFO: Jugador sad ha jugado en la columna 0 [] []
[2024-10-31T18:09:53.035326+00:00] loggerJuego.INFO: Inicializando GameController. [] []
[2024-10-31T18:09:53.062246+00:00] loggerJuego.INFO: Iniciando el juego... [] []
[2024-10-31T18:09:53.084819+00:00] loggerJuego.INFO: Jugador Jose ha jugado en la columna 2 [] []
[2024-10-31T18:09:53.627724+00:00] loggerJuego.INFO: Inicializando GameController. [] []
[2024-10-31T18:09:53.657899+00:00] loggerJuego.INFO: Iniciando el juego... [] []
[2024-10-31T18:09:53.678172+00:00] loggerJuego.INFO: Jugador sad ha jugado en la columna 0 [] []
[2024-10-31T18:09:54.166953+00:00] loggerJuego.INFO: Inicializando GameController. [] []
[2024-10-31T18:09:54.195037+00:00] loggerJuego.INFO: Iniciando el juego... [] []
[2024-10-31T18:09:54.212729+00:00] loggerJuego.INFO: Jugador Jose ha jugado en la columna 2 [] []
[2024-10-31T18:09:54.811732+00:00] loggerJuego.INFO: Inicializando GameController. [] []
[2024-10-31T18:09:54.839277+00:00] loggerJuego.INFO: Iniciando el juego... [] []
[2024-10-31T18:09:54.859509+00:00] loggerJuego.INFO: Jugador sad ha jugado en la columna 0 [] []
[2024-10-31T18:09:54.859750+00:00] loggerJuego.INFO: Jugador Jose ha ganado [] []
[2024-10-31T18:11:38.388626+00:00] loggerJuego.INFO: Inicializando GameController. [] []
[2024-10-31T18:11:38.417472+00:00] loggerJuego.INFO: Iniciando el juego... [] []
[2024-10-31T18:11:39.747623+00:00] loggerJuego.INFO: Inicializando GameController. [] []
[2024-10-31T18:11:39.777951+00:00] loggerJuego.INFO: Iniciando el juego... [] []
[2024-10-31T18:11:40.722818+00:00] loggerJuego.INFO: Inicializando GameController. [] []
[2024-10-31T18:11:40.750543+00:00] loggerJuego.INFO: Iniciando el juego... [] []
[2024-10-31T18:11:40.768267+00:00] loggerJuego.INFO: Jugador sad ha jugado en la columna 0 [] []
[2024-10-31T18:11:41.199366+00:00] loggerJuego.INFO: Inicializando GameController. [] []
[2024-10-31T18:11:41.223431+00:00] loggerJuego.INFO: Iniciando el juego... [] []
[2024-10-31T18:11:41.246095+00:00] loggerJuego.INFO: Jugador Jose ha jugado en la columna 2 [] []
[2024-10-31T18:11:41.788916+00:00] loggerJuego.INFO: Inicializando GameController. [] []
[2024-10-31T18:11:41.815635+00:00] loggerJuego.INFO: Iniciando el juego... [] []
[2024-10-31T18:11:41.831487+00:00] loggerJuego.INFO: Jugador sad ha jugado en la columna 0 [] []
[2024-10-31T18:11:42.263383+00:00] loggerJuego.INFO: Inicializando GameController. [] []
[2024-10-31T18:11:42.284835+00:00] loggerJuego.INFO: Iniciando el juego... [] []
[2024-10-31T18:11:42.300220+00:00] loggerJuego.INFO: Jugador Jose ha jugado en la columna 2 [] []
[2024-10-31T18:11:42.908365+00:00] loggerJuego.INFO: Inicializando GameController. [] []
[2024-10-31T18:11:42.950100+00:00] loggerJuego.INFO: Iniciando el juego... [] []
[2024-10-31T18:11:42.976574+00:00] loggerJuego.INFO: Jugador sad ha jugado en la columna 0 [] []
[2024-10-31T18:11:43.464460+00:00] loggerJuego.INFO: Inicializando GameController. [] []
[2024-10-31T18:11:43.485583+00:00] loggerJuego.INFO: Iniciando el juego... [] []
[2024-10-31T18:11:43.501404+00:00] loggerJuego.INFO: Jugador Jose ha jugado en la columna 2 [] []
[2024-10-31T18:11:44.153574+00:00] loggerJuego.INFO: Inicializando GameController. [] []
[2024-10-31T18:11:44.178350+00:00] loggerJuego.INFO: Iniciando el juego... [] []
[2024-10-31T18:11:44.194819+00:00] loggerJuego.INFO: Jugador sad ha jugado en la columna 0 [] []
[2024-10-31T18:11:44.195055+00:00] loggerJuego.INFO: Jugador Jose ha ganado [] []
