[2024-10-31T18:23:58.879533+00:00] loggerJuego.INFO: Jugador pep ha jugado en la columna 0 [] []
[2024-10-31T18:23:59.699287+00:00] loggerJuego.INFO: Jugador Jose ha jugado en la columna 2 [] []
[2024-10-31T18:24:01.241818+00:00] loggerJuego.INFO: Jugador pep ha jugado en la columna 0 [] []
[2024-10-31T18:24:01.928499+00:00] loggerJuego.INFO: Jugador Jose ha jugado en la columna 2 [] []
[2024-10-31T18:24:02.715330+00:00] loggerJuego.INFO: Jugador pep ha jugado en la columna 0 [] []
[2024-10-31T18:24:03.299622+00:00] loggerJuego.INFO: Jugador Jose ha jugado en la columna 2 [] []
[2024-10-31T18:24:04.067965+00:00] loggerJuego.INFO: Jugador pep ha jugado en la columna 0 [] []
[2024-10-31T18:24:04.096397+00:00] loggerJuego.INFO: Jugador Jose ha ganado [] []
[2024-10-31T18:24:15.748833+00:00] loggerJuego.INFO: Jugador pep ha jugado en la columna 0 [] []
[2024-10-31T18:24:16.238519+00:00] loggerJuego.INFO: Jugador Jose ha jugado en la columna 0 [] []
[2024-10-31T18:24:16.583055+00:00] loggerJuego.INFO: Jugador pep ha jugado en la columna 0 [] []
[2024-10-31T18:24:16.898972+00:00] loggerJuego.INFO: Jugador Jose ha jugado en la columna 0 [] []
[2024-10-31T18:24:17.278529+00:00] loggerJuego.INFO: Jugador pep ha jugado en la columna 0 [] []
[2024-10-31T18:24:17.576479+00:00] loggerJuego.INFO: Jugador Jose ha jugado en la columna 0 [] []
[2024-10-31T18:24:49.211362+00:00] loggerJuego.INFO: Jugador pep ha jugado en la columna 4 [] []
[2024-10-31T18:24:50.290145+00:00] loggerJuego.INFO: Jugador Jose ha jugado en la columna 5 [] []
[2024-10-31T18:24:51.152303+00:00] loggerJuego.INFO: Jugador pep ha jugado en la columna 4 [] []
[2024-10-31T18:24:51.897263+00:00] loggerJuego.INFO: Jugador Jose ha jugado en la columna 5 [] []
[2024-10-31T18:24:52.629392+00:00] loggerJuego.INFO: Jugador pep ha jugado en la columna 4 [] []
[2024-10-31T18:24:53.177657+00:00] loggerJuego.INFO: Jugador Jose ha jugado en la columna 5 [] []
[2024-10-31T18:24:53.789423+00:00] loggerJuego.INFO: Jugador pep ha jugado en la columna 4 [] []
[2024-10-31T18:24:53.831736+00:00] loggerJuego.INFO: Jugador Jose ha ganado [] []
[2024-11-02T23:38:05.335273+00:00] loggerJuego.INFO: Jugador Carmen ha ganado [] []
[2024-11-02T23:38:38.451724+00:00] loggerJuego.INFO: Jugador Carmen ha jugado en la columna 1 [] []
[2024-11-02T23:38:41.513478+00:00] loggerJuego.INFO: Jugador Jose ha jugado en la columna 3 [] []
[2024-11-02T23:38:51.309041+00:00] loggerJuego.INFO: Jugador Carmen ha jugado en la columna 3 [] []
[2024-11-02T23:38:59.074569+00:00] loggerJuego.INFO: Jugador Jose ha jugado en la columna 6 [] []
[2024-11-02T23:39:08.445395+00:00] loggerJuego.INFO: Jugador Carmen ha jugado en la columna 2 [] []
[2024-11-02T23:39:12.162693+00:00] loggerJuego.INFO: Jugador Jose ha jugado en la columna 4 [] []
[2024-11-02T23:39:23.092609+00:00] loggerJuego.INFO: Jugador Carmen ha jugado en la columna 5 [] []
[2024-11-02T23:39:26.453322+00:00] loggerJuego.INFO: Jugador Jose ha jugado en la columna 4 [] []
[2024-11-02T23:39:29.319698+00:00] loggerJuego.INFO: Jugador Carmen ha jugado en la columna 4 [] []
[2024-11-02T23:39:40.636469+00:00] loggerJuego.INFO: Jugador Jose ha jugado en la columna 2 [] []
[2024-11-02T23:39:43.587663+00:00] loggerJuego.INFO: Jugador Carmen ha jugado en la columna 5 [] []
[2024-11-02T23:39:53.205564+00:00] loggerJuego.INFO: Jugador Jose ha jugado en la columna 3 [] []
[2024-11-02T23:40:05.906209+00:00] loggerJuego.INFO: Jugador Carmen ha jugado en la columna 6 [] []
[2024-11-02T23:40:11.610120+00:00] loggerJuego.INFO: Jugador Jose ha jugado en la columna 5 [] []
[2024-11-02T23:40:15.059547+00:00] loggerJuego.INFO: Jugador Carmen ha jugado en la columna 5 [] []
[2024-11-02T23:40:15.077372+00:00] loggerJuego.INFO: Jugador Jose ha ganado [] []
[2024-11-03T00:50:59.356587+00:00] loggerJuego.INFO: Jugador aaa ha jugado en la columna 3 [] []
[2024-11-03T00:50:59.885034+00:00] loggerJuego.INFO: Jugador Jose ha jugado en la columna 3 [] []
[2024-11-03T00:51:00.355098+00:00] loggerJuego.INFO: Jugador aaa ha jugado en la columna 3 [] []
[2024-11-03T00:51:01.628692+00:00] loggerJuego.INFO: Jugador Jose ha jugado en la columna 2 [] []
[2024-11-03T00:51:02.173155+00:00] loggerJuego.INFO: Jugador aaa ha jugado en la columna 3 [] []
[2024-11-03T00:51:02.756752+00:00] loggerJuego.INFO: Jugador Jose ha jugado en la columna 2 [] []
[2024-11-03T00:51:03.337418+00:00] loggerJuego.INFO: Jugador aaa ha jugado en la columna 3 [] []
[2024-11-03T00:51:03.811033+00:00] loggerJuego.INFO: Jugador Jose ha jugado en la columna 2 [] []
[2024-11-03T00:51:04.260166+00:00] loggerJuego.INFO: Jugador aaa ha jugado en la columna 3 [] []
[2024-11-03T00:51:04.277386+00:00] loggerJuego.INFO: Jugador Jose ha ganado [] []
[2024-11-03T00:53:03.945926+00:00] loggerJuego.INFO: Jugador aaa ha jugado en la columna 0 [] []
[2024-11-03T00:53:04.295452+00:00] loggerJuego.INFO: Jugador Jose ha jugado en la columna 0 [] []
[2024-11-03T00:53:04.696974+00:00] loggerJuego.INFO: Jugador aaa ha jugado en la columna 0 [] []
[2024-11-03T00:53:05.071041+00:00] loggerJuego.INFO: Jugador Jose ha jugado en la columna 0 [] []
[2024-11-03T00:53:05.505188+00:00] loggerJuego.INFO: Jugador aaa ha jugado en la columna 0 [] []
[2024-11-03T00:53:05.959546+00:00] loggerJuego.INFO: Jugador Jose ha jugado en la columna 0 [] []
[2024-11-03T00:54:06.692591+00:00] loggerJuego.INFO: Jugador aaa ha jugado en la columna 2 [] []
[2024-11-06T19:15:44.756413+00:00] loggerJuego.INFO: Jugador Jose1 ha jugado en la columna 1 [] []
[2024-11-06T19:15:45.095275+00:00] loggerJuego.INFO: Jugador Jose ha jugado en la columna 2 [] []
[2024-11-06T19:15:45.536772+00:00] loggerJuego.INFO: Jugador Jose1 ha jugado en la columna 1 [] []
[2024-11-06T19:15:45.925511+00:00] loggerJuego.INFO: Jugador Jose ha jugado en la columna 2 [] []
[2024-11-06T19:15:46.337607+00:00] loggerJuego.INFO: Jugador Jose1 ha jugado en la columna 1 [] []
[2024-11-06T19:15:47.147135+00:00] loggerJuego.INFO: Jugador Jose ha jugado en la columna 1 [] []
[2024-11-06T19:15:47.667183+00:00] loggerJuego.INFO: Jugador Jose1 ha jugado en la columna 2 [] []
[2024-11-06T19:15:48.023023+00:00] loggerJuego.INFO: Jugador Jose ha jugado en la columna 1 [] []
[2024-11-06T19:15:48.405708+00:00] loggerJuego.INFO: Jugador Jose1 ha jugado en la columna 2 [] []
