[2024-11-05T14:35:32.834034+00:00] loginLogger.INFO: User Jose is trying to log in. [] []
[2024-11-05T14:35:32.900528+00:00] loginLogger.INFO: User Jose registered. [] []
[2024-11-05T14:36:43.655865+00:00] loginLogger.INFO: User Jose is trying to log in. [] []
[2024-11-05T14:43:13.604225+00:00] loginLogger.INFO: User Jose is trying to log in. [] []
[2024-11-05T14:43:13.644215+00:00] loginLogger.INFO: User Jose logged in. [] []
[2024-11-05T14:50:36.375206+00:00] loginLogger.INFO: User Jose is trying to log in. [] []
[2024-11-05T15:01:00.635055+00:00] loginLogger.ERROR: Class "Joc4enRatlla\Controllers\Service" not found [] []
[2024-11-05T15:01:04.925890+00:00] loginLogger.INFO: User Jose is trying to log in. [] []
[2024-11-05T15:01:04.959107+00:00] loginLogger.ERROR: Error registering user Jose [] []
[2024-11-05T15:01:38.142290+00:00] loginLogger.INFO: User Jose is trying to log in. [] []
[2024-11-05T15:01:38.168325+00:00] loginLogger.INFO: User Jose logged in. [] []
[2024-11-06T00:43:19.538453+00:00] loginLogger.INFO: User Jose is trying to log in. [] []
[2024-11-06T00:43:19.540312+00:00] loginLogger.ERROR: Call to a member function getContrasenya() on null [] []
[2024-11-06T00:44:57.705371+00:00] loginLogger.INFO: User Jose is trying to log in. [] []
[2024-11-06T00:44:57.706548+00:00] loginLogger.ERROR: Call to a member function getContrasenya() on null [] []
[2024-11-06T00:47:56.945670+00:00] loginLogger.INFO: User Jose is trying to log in. [] []
[2024-11-06T00:47:56.946656+00:00] loginLogger.ERROR: Call to a member function getContrasenya() on null [] []
[2024-11-06T00:52:05.880017+00:00] loginLogger.INFO: User Jose is trying to log in. [] []
[2024-11-06T00:52:05.881020+00:00] loginLogger.ERROR: Call to a member function getContrasenya() on null [] []
[2024-11-06T00:52:16.484638+00:00] loginLogger.INFO: User Jose is trying to log in. [] []
[2024-11-06T00:52:16.485609+00:00] loginLogger.ERROR: Call to a member function getContrasenya() on null [] []
[2024-11-06T00:58:56.302428+00:00] loginLogger.INFO: User Jose is trying to log in. [] []
[2024-11-06T00:58:56.306838+00:00] loginLogger.INFO: User Jose registered. [] []
[2024-11-06T00:59:29.146486+00:00] loginLogger.INFO: User Jose is trying to log in. [] []
[2024-11-06T00:59:29.147525+00:00] loginLogger.ERROR: Error registering user Jose [] []
[2024-11-06T01:01:41.641576+00:00] loginLogger.INFO: User Jose is trying to log in. [] []
[2024-11-06T01:01:41.642676+00:00] loginLogger.ERROR: Error registering user Jose [] []
[2024-11-06T01:01:56.614632+00:00] loginLogger.INFO: User Jose is trying to log in. [] []
[2024-11-06T01:01:56.615740+00:00] loginLogger.ERROR: Error registering user Jose [] []
[2024-11-06T01:04:58.465690+00:00] loginLogger.INFO: User Jose is trying to log in. [] []
[2024-11-06T01:04:58.466794+00:00] loginLogger.ERROR: Error registering user Jose [] []
[2024-11-06T01:05:33.472309+00:00] loginLogger.INFO: User Jose is trying to log in. [] []
[2024-11-06T01:05:33.473391+00:00] loginLogger.ERROR: Error registering user Jose [] []
[2024-11-06T01:05:40.460201+00:00] loginLogger.INFO: User Jose is trying to log in. [] []
[2024-11-06T01:05:40.461249+00:00] loginLogger.ERROR: Error registering user Jose [] []
[2024-11-06T01:05:45.726958+00:00] loginLogger.INFO: User Jose is trying to log in. [] []
[2024-11-06T01:05:45.727936+00:00] loginLogger.ERROR: Error registering user Jose [] []
[2024-11-06T01:05:53.225114+00:00] loginLogger.INFO: User Jose is trying to log in. [] []
[2024-11-06T01:05:53.226139+00:00] loginLogger.ERROR: Error registering user Jose [] []
[2024-11-06T01:06:23.987023+00:00] loginLogger.INFO: User Jose is trying to log in. [] []
[2024-11-06T01:06:23.988201+00:00] loginLogger.ERROR: Error registering user Jose [] []
[2024-11-06T01:06:31.900129+00:00] loginLogger.INFO: User Jose is trying to log in. [] []
[2024-11-06T01:06:31.901157+00:00] loginLogger.ERROR: Error registering user Jose [] []
[2024-11-06T01:10:10.550396+00:00] loginLogger.INFO: User Jose is trying to log in. [] []
[2024-11-06T01:10:10.551441+00:00] loginLogger.ERROR: Error registering user Jose [] []
[2024-11-06T01:10:32.383413+00:00] loginLogger.INFO: User Jose is trying to log in. [] []
[2024-11-06T01:10:32.384360+00:00] loginLogger.ERROR: Error registering user Jose [] []
[2024-11-06T01:10:44.982576+00:00] loginLogger.INFO: User Jose is trying to log in. [] []
[2024-11-06T01:10:44.983502+00:00] loginLogger.ERROR: Error registering user Jose [] []
[2024-11-06T01:12:10.467445+00:00] loginLogger.INFO: User Jose is trying to log in. [] []
[2024-11-06T01:12:10.468388+00:00] loginLogger.ERROR: Error registering user Jose [] []
[2024-11-06T01:12:17.276311+00:00] loginLogger.INFO: User Jose is trying to log in. [] []
[2024-11-06T01:12:17.277406+00:00] loginLogger.ERROR: Error registering user Jose [] []
[2024-11-06T01:12:31.237533+00:00] loginLogger.INFO: User Jose is trying to log in. [] []
[2024-11-06T01:12:31.238717+00:00] loginLogger.ERROR: Error registering user Jose [] []
[2024-11-06T01:12:40.982512+00:00] loginLogger.INFO: User Jose is trying to log in. [] []
[2024-11-06T01:12:40.983498+00:00] loginLogger.ERROR: Error registering user Jose [] []
[2024-11-06T01:14:29.626325+00:00] loginLogger.INFO: User Jose is trying to log in. [] []
[2024-11-06T01:14:29.627364+00:00] loginLogger.ERROR: Error registering user Jose [] []
[2024-11-06T01:14:38.653462+00:00] loginLogger.INFO: User Jose is trying to log in. [] []
[2024-11-06T01:14:38.654442+00:00] loginLogger.ERROR: Error registering user Jose [] []
[2024-11-06T01:15:22.700615+00:00] loginLogger.INFO: User Jose is trying to log in. [] []
[2024-11-06T01:15:22.701743+00:00] loginLogger.ERROR: Error registering user Jose [] []
[2024-11-06T01:15:31.624844+00:00] loginLogger.INFO: User Jose is trying to log in. [] []
[2024-11-06T01:15:31.625902+00:00] loginLogger.ERROR: Error registering user Jose [] []
[2024-11-06T01:15:51.949747+00:00] loginLogger.INFO: User Jose is trying to log in. [] []
[2024-11-06T01:15:51.951071+00:00] loginLogger.ERROR: Error registering user Jose [] []
[2024-11-06T01:15:58.342861+00:00] loginLogger.INFO: User Jose is trying to log in. [] []
[2024-11-06T01:15:58.343919+00:00] loginLogger.ERROR: Error registering user Jose [] []
[2024-11-06T01:16:04.465957+00:00] loginLogger.INFO: User Jose is trying to log in. [] []
[2024-11-06T01:16:04.466962+00:00] loginLogger.ERROR: Error registering user Jose [] []
[2024-11-06T01:16:09.879934+00:00] loginLogger.INFO: User Jose is trying to log in. [] []
[2024-11-06T01:16:09.880946+00:00] loginLogger.ERROR: Error registering user Jose [] []
[2024-11-06T01:16:15.590314+00:00] loginLogger.INFO: User Jose is trying to log in. [] []
[2024-11-06T01:16:15.591289+00:00] loginLogger.ERROR: Error registering user Jose [] []
[2024-11-06T01:16:29.136810+00:00] loginLogger.INFO: User Jose is trying to log in. [] []
[2024-11-06T01:16:29.137873+00:00] loginLogger.ERROR: Error registering user Jose [] []
[2024-11-06T01:16:35.987984+00:00] loginLogger.INFO: User Jose is trying to log in. [] []
[2024-11-06T01:16:35.988987+00:00] loginLogger.ERROR: Error registering user Jose [] []
[2024-11-06T01:16:44.656292+00:00] loginLogger.INFO: User Jose is trying to log in. [] []
[2024-11-06T01:16:44.657356+00:00] loginLogger.ERROR: Error registering user Jose [] []
[2024-11-06T01:22:37.572967+00:00] loginLogger.INFO: User Jose is trying to log in. [] []
[2024-11-06T01:22:37.574088+00:00] loginLogger.ERROR: Error registering user Jose [] []
[2024-11-06T01:22:43.007562+00:00] loginLogger.INFO: User Jose is trying to log in. [] []
[2024-11-06T01:22:43.008618+00:00] loginLogger.ERROR: Error registering user Jose [] []
[2024-11-06T01:22:51.547689+00:00] loginLogger.INFO: User pepe is trying to log in. [] []
[2024-11-06T01:22:51.551861+00:00] loginLogger.INFO: User pepe registered. [] []
[2024-11-06T01:39:16.112008+00:00] loginLogger.ERROR: Username or password not provided. [] []
[2024-11-06T01:39:22.650855+00:00] loginLogger.INFO: User Jose is trying to log in. [] []
[2024-11-06T01:39:22.687247+00:00] loginLogger.INFO: User Jose registered. [] []
[2024-11-06T01:40:02.326073+00:00] loginLogger.INFO: User Jose is trying to log in. [] []
[2024-11-06T01:40:02.345173+00:00] loginLogger.ERROR: Error registering user Jose [] []
[2024-11-06T01:52:26.334633+00:00] loginLogger.INFO: User Jose is trying to log in. [] []
[2024-11-06T01:52:26.365673+00:00] loginLogger.ERROR: Error registrant l'usuari Jose [] []
[2024-11-06T01:52:37.622524+00:00] loginLogger.INFO: User pepe is trying to log in. [] []
[2024-11-06T01:52:37.655861+00:00] loginLogger.INFO: User pepe registered. [] []
[2024-11-06T02:36:16.460697+00:00] loginLogger.INFO: User Jose is trying to log in. [] []
[2024-11-06T02:36:16.480535+00:00] loginLogger.ERROR: Error registrant l'usuari Jose [] []
[2024-11-06T02:36:21.353984+00:00] loginLogger.INFO: User pepe is trying to log in. [] []
[2024-11-06T02:36:21.385142+00:00] loginLogger.ERROR: Error registrant l'usuari pepe [] []
[2024-11-06T02:38:08.804609+00:00] loginLogger.INFO: User Jose is trying to log in. [] []
[2024-11-06T02:38:08.833693+00:00] loginLogger.ERROR: Error registrant l'usuari Jose [] []
[2024-11-06T03:09:30.669934+00:00] loginLogger.INFO: User Jose is trying to log in. [] []
[2024-11-06T03:09:39.592637+00:00] loginLogger.INFO: User Jose is trying to log in. [] []
[2024-11-06T03:13:53.448853+00:00] loginLogger.INFO: User Jose is trying to log in. [] []
[2024-11-06T03:14:07.898850+00:00] loginLogger.INFO: User coc is trying to log in. [] []
[2024-11-06T03:14:07.935316+00:00] loginLogger.INFO: User coc registered. [] []
[2024-11-06T03:14:07.935520+00:00] loginLogger.ERROR: Call to a member function getId() on false [] []
[2024-11-06T12:19:55.569032+00:00] loginLogger.INFO: User Jose is trying to log in. [] []
[2024-11-06T12:19:55.683825+00:00] loginLogger.INFO: User Jose logged in. [] []
[2024-11-06T12:27:48.316293+00:00] loginLogger.INFO: User Jose is trying to log in. [] []
[2024-11-06T12:27:48.430912+00:00] loginLogger.INFO: User Jose logged in. [] []
[2024-11-06T12:46:30.316720+00:00] loginLogger.INFO: User Jose is trying to log in. [] []
[2024-11-06T12:46:30.352979+00:00] loginLogger.ERROR: Contrasenya Incorrecta: Jose [] []
[2024-11-06T12:51:33.015011+00:00] loginLogger.INFO: User Jose is trying to log in. [] []
[2024-11-06T12:51:33.137254+00:00] loginLogger.INFO: User Jose registered. [] []
[2024-11-06T12:54:21.692010+00:00] loginLogger.INFO: User Jose is trying to log in. [] []
[2024-11-06T12:54:21.795793+00:00] loginLogger.INFO: User Jose logged in. [] []
[2024-11-06T12:54:30.720786+00:00] loginLogger.INFO: User pepe is trying to log in. [] []
[2024-11-06T12:54:30.838960+00:00] loginLogger.INFO: User pepe registered. [] []
[2024-11-06T13:05:06.765826+00:00] loginLogger.INFO: User Carmen is trying to log in. [] []
[2024-11-06T13:05:06.882483+00:00] loginLogger.INFO: User Carmen registered. [] []
[2024-11-06T13:06:31.739909+00:00] loginLogger.INFO: User Carmen is trying to log in. [] []
[2024-11-06T13:06:31.843470+00:00] loginLogger.INFO: User Carmen logged in. [] []
[2024-11-06T13:07:41.110218+00:00] loginLogger.INFO: User Jose is trying to log in. [] []
[2024-11-06T13:07:41.224245+00:00] loginLogger.INFO: User Jose logged in. [] []
[2024-11-06T13:21:56.609016+00:00] loginLogger.INFO: User Jose is trying to log in. [] []
[2024-11-06T13:21:56.725090+00:00] loginLogger.INFO: User Jose logged in. [] []
[2024-11-06T13:45:36.944922+00:00] loginLogger.INFO: User Jose is trying to log in. [] []
[2024-11-06T13:45:37.058550+00:00] loginLogger.INFO: User Jose logged in. [] []
[2024-11-06T14:04:31.012269+00:00] loginLogger.INFO: User Jose is trying to log in. [] []
[2024-11-06T14:04:31.126376+00:00] loginLogger.INFO: User Jose logged in. [] []
[2024-11-06T14:10:46.636999+00:00] loginLogger.INFO: User Jose is trying to log in. [] []
[2024-11-06T14:10:46.749836+00:00] loginLogger.INFO: User Jose logged in. [] []
[2024-11-06T14:11:04.310392+00:00] loginLogger.INFO: User Jose is trying to log in. [] []
[2024-11-06T14:11:04.412767+00:00] loginLogger.INFO: User Jose logged in. [] []
[2024-11-06T14:11:37.530907+00:00] loginLogger.INFO: User Jose is trying to log in. [] []
[2024-11-06T14:11:37.629705+00:00] loginLogger.INFO: User Jose logged in. [] []
[2024-11-06T14:12:56.349488+00:00] loginLogger.INFO: User Jose is trying to log in. [] []
[2024-11-06T14:12:56.459484+00:00] loginLogger.INFO: User Jose logged in. [] []
[2024-11-06T14:13:29.498089+00:00] loginLogger.INFO: User Jose is trying to log in. [] []
[2024-11-06T14:13:29.599694+00:00] loginLogger.INFO: User Jose logged in. [] []
[2024-11-06T16:12:30.556403+00:00] loginLogger.INFO: User Jose is trying to log in. [] []
[2024-11-06T16:12:30.670827+00:00] loginLogger.INFO: User Jose logged in. [] []
[2024-11-06T16:13:24.097146+00:00] loginLogger.INFO: User Jose is trying to log in. [] []
[2024-11-06T16:13:24.196525+00:00] loginLogger.INFO: User Jose logged in. [] []
[2024-11-06T16:15:35.698445+00:00] loginLogger.INFO: User Jose is trying to log in. [] []
[2024-11-06T16:15:35.810691+00:00] loginLogger.INFO: User Jose logged in. [] []
[2024-11-06T16:26:17.328734+00:00] loginLogger.INFO: User Jose is trying to log in. [] []
[2024-11-06T16:26:17.431263+00:00] loginLogger.INFO: User Jose logged in. [] []
[2024-11-06T16:26:34.826930+00:00] loginLogger.INFO: User Jose is trying to log in. [] []
[2024-11-06T16:26:34.930317+00:00] loginLogger.INFO: User Jose logged in. [] []
[2024-11-06T16:31:59.298135+00:00] loginLogger.INFO: User Jose is trying to log in. [] []
[2024-11-06T16:31:59.410899+00:00] loginLogger.INFO: User Jose logged in. [] []
[2024-11-06T16:42:46.937792+00:00] loginLogger.INFO: User Jose is trying to log in. [] []
[2024-11-06T16:42:47.040391+00:00] loginLogger.INFO: User Jose logged in. [] []
[2024-11-06T16:46:46.952893+00:00] loginLogger.INFO: User Jose is trying to log in. [] []
[2024-11-06T16:46:47.050657+00:00] loginLogger.INFO: User Jose logged in. [] []
[2024-11-06T16:48:12.099272+00:00] loginLogger.INFO: User Jose is trying to log in. [] []
[2024-11-06T16:48:12.200556+00:00] loginLogger.INFO: User Jose logged in. [] []
[2024-11-06T16:54:36.933191+00:00] loginLogger.INFO: User Jose is trying to log in. [] []
[2024-11-06T16:54:37.034529+00:00] loginLogger.INFO: User Jose logged in. [] []
[2024-11-06T16:56:57.353144+00:00] loginLogger.INFO: User pepe is trying to log in. [] []
[2024-11-06T16:56:57.467130+00:00] loginLogger.INFO: User pepe logged in. [] []
[2024-11-06T16:57:18.145383+00:00] loginLogger.INFO: User pepe is trying to log in. [] []
[2024-11-06T16:57:18.247420+00:00] loginLogger.INFO: User pepe logged in. [] []
[2024-11-06T17:11:16.170086+00:00] loginLogger.INFO: User Jose is trying to log in. [] []
[2024-11-06T17:11:16.285119+00:00] loginLogger.INFO: User Jose logged in. [] []
[2024-11-06T17:13:15.453076+00:00] loginLogger.INFO: User Jose is trying to log in. [] []
[2024-11-06T17:13:15.553078+00:00] loginLogger.INFO: User Jose logged in. [] []
[2024-11-06T17:54:19.048221+00:00] loginLogger.INFO: User Jose is trying to log in. [] []
[2024-11-06T17:54:19.197930+00:00] loginLogger.INFO: User Jose logged in. [] []
[2024-11-06T17:55:39.578116+00:00] loginLogger.INFO: User Jose is trying to log in. [] []
[2024-11-06T17:55:39.676967+00:00] loginLogger.INFO: User Jose logged in. [] []
[2024-11-06T17:56:48.789824+00:00] loginLogger.INFO: User Jose is trying to log in. [] []
[2024-11-06T17:56:48.889378+00:00] loginLogger.INFO: User Jose logged in. [] []
[2024-11-06T18:00:26.375436+00:00] loginLogger.INFO: User Jose is trying to log in. [] []
[2024-11-06T18:00:26.473056+00:00] loginLogger.INFO: User Jose logged in. [] []
[2024-11-06T18:01:23.828943+00:00] loginLogger.INFO: User Jose is trying to log in. [] []
[2024-11-06T18:01:23.923792+00:00] loginLogger.INFO: User Jose logged in. [] []
[2024-11-06T18:02:10.446218+00:00] loginLogger.INFO: User Jose is trying to log in. [] []
[2024-11-06T18:02:10.542547+00:00] loginLogger.INFO: User Jose logged in. [] []
[2024-11-06T18:02:28.457788+00:00] loginLogger.INFO: User Jose is trying to log in. [] []
[2024-11-06T18:02:28.555252+00:00] loginLogger.INFO: User Jose logged in. [] []
[2024-11-06T18:07:49.921190+00:00] loginLogger.INFO: User Jose is trying to log in. [] []
[2024-11-06T18:07:50.017607+00:00] loginLogger.INFO: User Jose logged in. [] []
[2024-11-06T18:22:21.713139+00:00] loginLogger.INFO: User Jose is trying to log in. [] []
[2024-11-06T18:22:21.817248+00:00] loginLogger.INFO: User Jose logged in. [] []
[2024-11-06T18:32:06.006679+00:00] loginLogger.INFO: User Jose is trying to log in. [] []
[2024-11-06T18:32:06.102057+00:00] loginLogger.INFO: User Jose logged in. [] []
[2024-11-06T18:32:20.472710+00:00] loginLogger.INFO: User Jose is trying to log in. [] []
[2024-11-06T18:32:20.567017+00:00] loginLogger.INFO: User Jose logged in. [] []
[2024-11-06T18:37:45.059370+00:00] loginLogger.INFO: User Jose is trying to log in. [] []
[2024-11-06T18:37:45.153738+00:00] loginLogger.INFO: User Jose logged in. [] []
[2024-11-06T18:37:59.977721+00:00] loginLogger.INFO: User Jose is trying to log in. [] []
[2024-11-06T18:38:00.076752+00:00] loginLogger.INFO: User Jose logged in. [] []
[2024-11-06T18:38:13.087553+00:00] loginLogger.INFO: User Jose is trying to log in. [] []
[2024-11-06T18:38:13.179372+00:00] loginLogger.INFO: User Jose logged in. [] []
[2024-11-06T18:44:01.414597+00:00] loginLogger.INFO: User Jose is trying to log in. [] []
[2024-11-06T18:44:01.520393+00:00] loginLogger.INFO: User Jose logged in. [] []
[2024-11-06T18:44:54.738794+00:00] loginLogger.INFO: User Jose is trying to log in. [] []
[2024-11-06T18:44:54.833808+00:00] loginLogger.INFO: User Jose logged in. [] []
[2024-11-06T18:47:43.164080+00:00] loginLogger.INFO: User Jose is trying to log in. [] []
[2024-11-06T18:47:43.270492+00:00] loginLogger.INFO: User Jose logged in. [] []
[2024-11-06T18:48:12.573977+00:00] loginLogger.INFO: User Jose is trying to log in. [] []
[2024-11-06T18:48:12.667104+00:00] loginLogger.INFO: User Jose logged in. [] []
[2024-11-06T18:48:30.113730+00:00] loginLogger.INFO: User Carmen is trying to log in. [] []
[2024-11-06T18:48:30.206515+00:00] loginLogger.INFO: User Carmen logged in. [] []
[2024-11-06T18:55:51.592189+00:00] loginLogger.INFO: User Jose is trying to log in. [] []
[2024-11-06T18:55:51.699453+00:00] loginLogger.INFO: User Jose logged in. [] []
[2024-11-06T18:59:32.451151+00:00] loginLogger.INFO: User Jose is trying to log in. [] []
[2024-11-06T18:59:32.557028+00:00] loginLogger.INFO: User Jose logged in. [] []
[2024-11-06T18:59:48.058291+00:00] loginLogger.INFO: User coc is trying to log in. [] []
[2024-11-06T18:59:48.168878+00:00] loginLogger.INFO: User coc registered. [] []
[2024-11-06T19:00:01.561542+00:00] loginLogger.INFO: User Jose is trying to log in. [] []
[2024-11-06T19:00:01.655615+00:00] loginLogger.INFO: User Jose logged in. [] []
[2024-11-06T19:00:35.285944+00:00] loginLogger.INFO: User Jose is trying to log in. [] []
[2024-11-06T19:00:35.378196+00:00] loginLogger.INFO: User Jose logged in. [] []
